<?xml version="1.0" encoding="UTF-8"?>
<!-- Generated by org.testng.reporters.JUnitReportReporter -->
<testsuite skipped="0" hostname="c1-gf-102" name="com.rsystems.test.EditSwimlaneTestCase" tests="1" failures="0" timestamp="21 Jun 2018 10:49:31 GMT" time="69.434" errors="0">
  <testcase name="tc_BEP480005_VerifyUILanguageSelectedvalue" time="69.434" classname="com.rsystems.test.EditSwimlaneTestCase"/>
</testsuite> <!-- com.rsystems.test.EditSwimlaneTestCase -->
