<?xml version="1.0" encoding="UTF-8"?>
<!-- Generated by org.testng.reporters.JUnitReportReporter -->
<testsuite skipped="0" hostname="c1-gf-102" name="com.renpay.test.LogInPageTestCase" tests="2" failures="0" timestamp="06 Aug 2018 14:08:37 GMT" time="43.282" errors="0">
  <testcase name="tc_renpay02_LoginWithInValidCredentials" time="18.641" classname="com.renpay.test.LogInPageTestCase"/>
  <testcase name="tc_renpay01_LoginWithValidCredentials" time="24.641" classname="com.renpay.test.LogInPageTestCase"/>
</testsuite> <!-- com.renpay.test.LogInPageTestCase -->
