<?xml version="1.0" encoding="UTF-8"?>
<!-- Generated by org.testng.reporters.JUnitReportReporter -->
<testsuite skipped="0" hostname="c1-gf-102" name="com.rsystems.test.AssignPackageTestCase" tests="1" failures="1" timestamp="21 Jun 2018 10:49:31 GMT" time="30.665" errors="0">
  <testcase name="tc_BEP368701_AvailableAssignedPackageSortWithUsoc" time="30.665" classname="com.rsystems.test.AssignPackageTestCase">
    <failure type="java.lang.AssertionError" message="Sorting icon for Available package USOC field is not visible">
      <![CDATA[java.lang.AssertionError: Sorting icon for Available package USOC field is not visible
	at org.testng.Assert.fail(Assert.java:93)
	at com.rsystems.utils.TestInitialization.failTestCase(TestInitialization.java:359)
	at com.rsystems.pages.PackagePage.validateFilterIconVisible(PackagePage.java:382)
	at com.rsystems.pages.PackagePage.verifySortingFunctionality(PackagePage.java:424)
	at com.rsystems.test.AssignPackageTestCase.tc_BEP368701_AvailableAssignedPackageSortWithUsoc(AssignPackageTestCase.java:362)
	at sun.reflect.NativeMethodAccessorImpl.invoke0(Native Method)
	at sun.reflect.NativeMethodAccessorImpl.invoke(Unknown Source)
	at sun.reflect.DelegatingMethodAccessorImpl.invoke(Unknown Source)
	at java.lang.reflect.Method.invoke(Unknown Source)
	at org.testng.internal.MethodInvocationHelper.invokeMethod(MethodInvocationHelper.java:108)
	at org.testng.internal.Invoker.invokeMethod(Invoker.java:661)
	at org.testng.internal.Invoker.invokeTestMethod(Invoker.java:869)
	at org.testng.internal.Invoker.invokeTestMethods(Invoker.java:1193)
	at org.testng.internal.TestMethodWorker.invokeTestMethods(TestMethodWorker.java:126)
	at org.testng.internal.TestMethodWorker.run(TestMethodWorker.java:109)
	at org.testng.TestRunner.privateRun(TestRunner.java:744)
	at org.testng.TestRunner.run(TestRunner.java:602)
	at org.testng.SuiteRunner.runTest(SuiteRunner.java:380)
	at org.testng.SuiteRunner.runSequentially(SuiteRunner.java:375)
	at org.testng.SuiteRunner.privateRun(SuiteRunner.java:340)
	at org.testng.SuiteRunner.run(SuiteRunner.java:289)
	at org.testng.SuiteRunnerWorker.runSuite(SuiteRunnerWorker.java:52)
	at org.testng.SuiteRunnerWorker.run(SuiteRunnerWorker.java:86)
	at org.testng.TestNG.runSuitesSequentially(TestNG.java:1301)
	at org.testng.TestNG.runSuitesLocally(TestNG.java:1226)
	at org.testng.TestNG.runSuites(TestNG.java:1144)
	at org.testng.TestNG.run(TestNG.java:1115)
	at org.testng.remote.AbstractRemoteTestNG.run(AbstractRemoteTestNG.java:114)
	at org.testng.remote.RemoteTestNG.initAndRun(RemoteTestNG.java:251)
	at org.testng.remote.RemoteTestNG.main(RemoteTestNG.java:77)
]]>
    </failure>
  </testcase> <!-- tc_BEP368701_AvailableAssignedPackageSortWithUsoc -->
</testsuite> <!-- com.rsystems.test.AssignPackageTestCase -->
