<?xml version="1.0" encoding="UTF-8"?>
<!-- Generated by org.testng.reporters.JUnitReportReporter -->
<testsuite skipped="0" hostname="c1-gf-102" name="com.rsystems.test.HomePageTestCase" tests="1" failures="0" timestamp="23 Jul 2018 06:37:41 GMT" time="7.342" errors="0">
  <testcase name="tc_BEP363501_verifyHelp" time="7.342" classname="com.rsystems.test.HomePageTestCase"/>
</testsuite> <!-- com.rsystems.test.HomePageTestCase -->
