<?xml version="1.0" encoding="UTF-8"?>
<!-- Generated by org.testng.reporters.JUnitReportReporter -->
<testsuite skipped="0" hostname="c1-gf-102" name="com.renpay.test.HomePageTestCase" tests="1" failures="0" timestamp="06 Aug 2018 14:08:37 GMT" time="31.449" errors="0">
  <testcase name="tc_renpay01_UpdateUserProfile" time="31.449" classname="com.renpay.test.HomePageTestCase"/>
</testsuite> <!-- com.renpay.test.HomePageTestCase -->
