<?xml version="1.0" encoding="UTF-8"?>
<!-- Generated by org.testng.reporters.JUnitReportReporter -->
<testsuite skipped="0" hostname="c1-gf-102" name="com.renpay.test.LogInPageTestCase" tests="1" failures="0" timestamp="22 Aug 2018 09:36:41 GMT" time="62.669" errors="0">
  <testcase name="tc_F_Password004_ForgatPwdWithValidEmail" time="62.669" classname="com.renpay.test.LogInPageTestCase"/>
</testsuite> <!-- com.renpay.test.LogInPageTestCase -->
