<?xml version="1.0" encoding="UTF-8"?>
<!-- Generated by org.testng.reporters.JUnitReportReporter -->
<testsuite skipped="0" hostname="c1-gf-102" name="com.rsystems.test.LogInPageTestCase" tests="2" failures="0" timestamp="06 Aug 2018 12:49:46 GMT" time="42.931" errors="0">
  <testcase name="tc_renpay01_LoginWithValidCredentials" time="26.022" classname="com.rsystems.test.LogInPageTestCase"/>
  <testcase name="tc_renpay02_LoginWithInValidCredentials" time="16.909" classname="com.rsystems.test.LogInPageTestCase"/>
</testsuite> <!-- com.rsystems.test.LogInPageTestCase -->
