<?xml version="1.0" encoding="UTF-8"?>
<!-- Generated by org.testng.reporters.JUnitReportReporter -->
<testsuite skipped="0" hostname="c1-gf-102" name="com.rsystems.test.AssignSwimlaneTestCase" tests="22" failures="0" timestamp="23 Jul 2018 06:37:41 GMT" time="1159.748" errors="0">
  <testcase name="tc_BEP320012_ApplyFilterOnName" time="34.589" classname="com.rsystems.test.AssignSwimlaneTestCase"/>
  <testcase name="tc_BEP320003_VerifyBreadcrumbs" time="55.561" classname="com.rsystems.test.AssignSwimlaneTestCase"/>
  <testcase name="tc_BEP320011_ApplyFilterOnExternalId" time="35.078" classname="com.rsystems.test.AssignSwimlaneTestCase"/>
  <testcase name="tc_BEP320007_CreateAccesspointWithNoSwimlane" time="48.096" classname="com.rsystems.test.AssignSwimlaneTestCase"/>
  <testcase name="tc_BEP320018_VerifyLessSwimlaneVerticalBarForAssigendSwimlane" time="61.496" classname="com.rsystems.test.AssignSwimlaneTestCase"/>
  <testcase name="tc_BEP320020_VerifySwimlaneMoveFromOnePaneToOtherPane" time="78.297" classname="com.rsystems.test.AssignSwimlaneTestCase"/>
  <testcase name="tc_BEP320001_VerifyAssignSwimlanePage" time="34.144" classname="com.rsystems.test.AssignSwimlaneTestCase"/>
  <testcase name="tc_BEP320015_ResizerBtnValidation" time="45.772" classname="com.rsystems.test.AssignSwimlaneTestCase"/>
  <testcase name="tc_BEP320019_VerifyMoreSwimlaneVerticalBarForAssigendSwimlane" time="111.209" classname="com.rsystems.test.AssignSwimlaneTestCase"/>
  <testcase name="tc_BEP320013_VerifyAppliedFilterIncaseSensitive" time="60.513" classname="com.rsystems.test.AssignSwimlaneTestCase"/>
  <testcase name="tc_BEP320017_VerifyMoreSwimlaneVerticalBarForAvailableSwimlane" time="38.694" classname="com.rsystems.test.AssignSwimlaneTestCase"/>
  <testcase name="tc_BEP320005_VerifyAssignedSwimlaneTable" time="34.162" classname="com.rsystems.test.AssignSwimlaneTestCase"/>
  <testcase name="tc_BEP320010_AvailablePackageSortWithName" time="38.875" classname="com.rsystems.test.AssignSwimlaneTestCase"/>
  <testcase name="tc_BEP320008_VerifyAssignSwimlaneFromEdit" time="64.275" classname="com.rsystems.test.AssignSwimlaneTestCase"/>
  <testcase name="tc_BEP320004_VerifyAvailableSwimlaneTable" time="41.744" classname="com.rsystems.test.AssignSwimlaneTestCase"/>
  <testcase name="tc_BEP320006_VerifyAssignSwimlane" time="41.748" classname="com.rsystems.test.AssignSwimlaneTestCase"/>
  <testcase name="tc_BEP320009_AvailableSwimlaneSortWithExternalId" time="38.214" classname="com.rsystems.test.AssignSwimlaneTestCase"/>
  <testcase name="tc_BEP320021_VerifySwimlaneOrderUpDown" time="78.064" classname="com.rsystems.test.AssignSwimlaneTestCase"/>
  <testcase name="tc_BEP320014_VerifyOptionViewEditPage" time="48.210" classname="com.rsystems.test.AssignSwimlaneTestCase"/>
  <testcase name="tc_BEP320002_VerifyRedirectToPropAndAssignSwimlanePage" time="36.603" classname="com.rsystems.test.AssignSwimlaneTestCase"/>
  <testcase name="tc_BEP320016_VerifyLessSwimlaneVerticalBarForAvailableSwimlane" time="93.351" classname="com.rsystems.test.AssignSwimlaneTestCase"/>
  <testcase name="tc_BEP320022_ValidateCloseFilterIcon" time="41.053" classname="com.rsystems.test.AssignSwimlaneTestCase"/>
</testsuite> <!-- com.rsystems.test.AssignSwimlaneTestCase -->
