<?xml version="1.0" encoding="UTF-8"?>
<!-- Generated by org.testng.reporters.JUnitReportReporter -->
<testsuite skipped="0" hostname="c1-gf-102" name="com.rsystems.test.ViewSwimlaneTestCase" tests="1" failures="0" timestamp="21 Jun 2018 10:49:31 GMT" time="70.068" errors="0">
  <testcase name="tc_BEP490001_WhenTargetOptionWith_ALL" time="70.068" classname="com.rsystems.test.ViewSwimlaneTestCase"/>
</testsuite> <!-- com.rsystems.test.ViewSwimlaneTestCase -->
