<?xml version="1.0" encoding="UTF-8"?>
<!-- Generated by org.testng.reporters.JUnitReportReporter -->
<testsuite skipped="0" hostname="c1-gf-102" name="com.rsystems.test.AccessPointTestCase" tests="1" failures="0" timestamp="23 Jul 2018 10:09:57 GMT" time="36.574" errors="0">
  <testcase name="tc_BEP304405_CreateAccessPointWithDuplicateName" time="36.574" classname="com.rsystems.test.AccessPointTestCase"/>
</testsuite> <!-- com.rsystems.test.AccessPointTestCase -->
