<?xml version="1.0" encoding="UTF-8"?>
<!-- Generated by org.testng.reporters.JUnitReportReporter -->
<testsuite skipped="0" hostname="c1-gf-102" name="com.rsystems.test.EditAccessPointTestcase" tests="1" failures="0" timestamp="31 Jul 2018 13:03:54 GMT" time="61.038" errors="0">
  <testcase name="tc_BEP305701_UpadteAccessPointName" time="61.038" classname="com.rsystems.test.EditAccessPointTestcase"/>
</testsuite> <!-- com.rsystems.test.EditAccessPointTestcase -->
