<?xml version="1.0" encoding="UTF-8"?>
<!-- Generated by org.testng.reporters.JUnitReportReporter -->
<testsuite skipped="0" hostname="c1-gf-102" name="com.rsystems.test.ViewAccessPointTestCase" tests="1" failures="0" timestamp="31 May 2018 11:05:50 GMT" time="34.259" errors="0">
  <testcase name="tc_BEP305601_ViewAccessPointListPage" time="34.259" classname="com.rsystems.test.ViewAccessPointTestCase"/>
</testsuite> <!-- com.rsystems.test.ViewAccessPointTestCase -->
