<?xml version="1.0" encoding="UTF-8"?>
<!-- Generated by org.testng.reporters.JUnitReportReporter -->
<testsuite skipped="0" hostname="c1-gf-102" name="com.renpay.test.LogInPageTestCase" tests="1" failures="0" timestamp="16 Aug 2018 13:25:02 GMT" time="60.236" errors="0">
  <testcase name="tc_F_Password004_ForgatPwdWithValidEmail" time="60.236" classname="com.renpay.test.LogInPageTestCase"/>
</testsuite> <!-- com.renpay.test.LogInPageTestCase -->
