<?xml version="1.0" encoding="UTF-8"?>
<!-- Generated by org.testng.reporters.JUnitReportReporter -->
<testsuite skipped="0" hostname="c1-gf-102" name="com.rsystems.test.SwimlaneListTestCase" tests="4" failures="0" timestamp="23 Jul 2018 06:37:41 GMT" time="285.806" errors="0">
  <testcase name="tc_BEP430001_VerifyAccessPointDropdownDefaultVal" time="8.995" classname="com.rsystems.test.SwimlaneListTestCase"/>
  <testcase name="tc_BEP430004_VerifyAccessPointDetails" time="92.410" classname="com.rsystems.test.SwimlaneListTestCase"/>
  <testcase name="tc_BEP430003_VerifyNotFilteredOption" time="116.119" classname="com.rsystems.test.SwimlaneListTestCase"/>
  <testcase name="tc_BEP430002_VerifyNoneFilterOption" time="68.282" classname="com.rsystems.test.SwimlaneListTestCase"/>
</testsuite> <!-- com.rsystems.test.SwimlaneListTestCase -->
